<?xml version="1.0" encoding="UTF-8"?>
<!-- Generated by org.testng.reporters.JUnitReportReporter -->
<testsuite hostname="LAPTOP-58598IPQ" name="com.crm.qa.testcases.ContactPageTest" tests="1" failures="0" timestamp="23 Apr 2020 05:20:55 GMT" time="27.983" errors="0">
  <testcase name="verifyContactLabelTest" time="27.983" classname="com.crm.qa.testcases.ContactPageTest"/>
</testsuite> <!-- com.crm.qa.testcases.ContactPageTest -->
